#
# There is insufficient memory for the Java Runtime Environment to continue.
# Native memory allocation (malloc) failed to allocate 640656 bytes for Chunk::new
# Possible reasons:
#   The system is out of physical RAM or swap space
#   In 32 bit mode, the process size limit was hit
# Possible solutions:
#   Reduce memory load on the system
#   Increase physical memory or swap space
#   Check if swap backing store is full
#   Use 64 bit Java on a 64 bit OS
#   Decrease Java heap size (-Xmx/-Xms)
#   Decrease number of Java threads
#   Decrease Java thread stack sizes (-Xss)
#   Set larger code cache with -XX:ReservedCodeCacheSize=
# This output file may be truncated or incomplete.
#
#  Out of Memory Error (allocation.cpp:390), pid=7572, tid=0x00000000000026e8
#
# JRE version: OpenJDK Runtime Environment (8.0_152-b01) (build 1.8.0_152-release-1343-b01)
# Java VM: OpenJDK 64-Bit Server VM (25.152-b01 mixed mode windows-amd64 compressed oops)
# Failed to write core dump. Minidumps are not enabled by default on client versions of Windows
#

---------------  T H R E A D  ---------------

Current thread (0x000000001606c000):  JavaThread "C2 CompilerThread1" daemon [_thread_in_native, idPostagem=9960, stack(0x00000000177e0000,0x00000000178e0000)]

Stack: [0x00000000177e0000,0x00000000178e0000]
[error occurred during error reporting (printing stack bounds), idPostagem 0xc0000005]

Native frames: (J=compiled Java code, j=interpreted, Vv=VM code, C=native code)


Current CompileTask:
C2:  56740 8476   !   4       org.gradle.api.internal.attributes.DefaultImmutableAttributesFactory::doConcatIsolatable (146 bytes)


---------------  P R O C E S S  ---------------

Java Threads: ( => current thread )
  0x000000001899b000 JavaThread "Cache worker for execution history cache (C:\Git\CollabMeiApp\.gradle\5.1.1\executionHistory)" [_thread_blocked, idPostagem=12912, stack(0x0000000024ca0000,0x0000000024da0000)]
  0x0000000018996800 JavaThread "Execution worker for ':' Thread 3" [_thread_blocked, idPostagem=13216, stack(0x0000000024ba0000,0x0000000024ca0000)]
  0x000000001949b800 JavaThread "Execution worker for ':' Thread 2" [_thread_blocked, idPostagem=10692, stack(0x0000000024aa0000,0x0000000024ba0000)]
  0x0000000019497800 JavaThread "Execution worker for ':'" [_thread_in_native, idPostagem=8444, stack(0x00000000249a0000,0x0000000024aa0000)]
  0x000000001949d800 JavaThread "Cache worker for file content cache (C:\Git\CollabMeiApp\.gradle\5.1.1\fileContent)" [_thread_blocked, idPostagem=2208, stack(0x00000000248a0000,0x00000000249a0000)]
  0x000000001eccd000 JavaThread "Cache worker for file content cache (C:\Users\renan\.gradle\caches\5.1.1\fileContent)" [_thread_blocked, idPostagem=6036, stack(0x00000000247a0000,0x00000000248a0000)]
  0x000000001eccb800 JavaThread "Cache worker for Build Output Cleanup Cache (C:\Git\CollabMeiApp\.gradle\buildOutputCleanup)" [_thread_blocked, idPostagem=7724, stack(0x00000000246a0000,0x00000000247a0000)]
  0x000000001eccb000 JavaThread "Build operations Thread 4" [_thread_blocked, idPostagem=4816, stack(0x00000000245a0000,0x00000000246a0000)]
  0x000000001ecca000 JavaThread "Build operations Thread 3" [_thread_blocked, idPostagem=13812, stack(0x00000000244a0000,0x00000000245a0000)]
  0x000000001eccc800 JavaThread "Build operations Thread 2" [_thread_blocked, idPostagem=10468, stack(0x00000000243a0000,0x00000000244a0000)]
  0x000000001ecc9800 JavaThread "Build operations" [_thread_blocked, idPostagem=528, stack(0x00000000242a0000,0x00000000243a0000)]
  0x000000001eccf800 JavaThread "Cache worker for cache directory md-rule (C:\Users\renan\.gradle\caches\5.1.1\md-rule)" [_thread_blocked, idPostagem=7096, stack(0x00000000241a0000,0x00000000242a0000)]
  0x000000001ecce000 JavaThread "Cache worker for cache directory md-supplier (C:\Users\renan\.gradle\caches\5.1.1\md-supplier)" [_thread_blocked, idPostagem=6336, stack(0x00000000240a0000,0x00000000241a0000)]
  0x000000001ecc1000 JavaThread "Cache worker for file hash cache (C:\Git\CollabMeiApp\.gradle\5.1.1\fileHashes)" [_thread_blocked, idPostagem=7172, stack(0x0000000023fa0000,0x00000000240a0000)]
  0x000000001ecc7000 JavaThread "Thread-29" [_thread_blocked, idPostagem=9544, stack(0x0000000023ea0000,0x0000000023fa0000)]
  0x000000001ecc6800 JavaThread "Stdin handler" [_thread_blocked, idPostagem=1488, stack(0x0000000023da0000,0x0000000023ea0000)]
  0x000000001ecc4000 JavaThread "Asynchronous log dispatcher for DefaultDaemonConnection: socket connection from /127.0.0.1:50601 to /127.0.0.1:50612" [_thread_blocked, idPostagem=8600, stack(0x0000000023ca0000,0x0000000023da0000)]
  0x000000001ecc3800 JavaThread "Cancel handler" [_thread_blocked, idPostagem=10808, stack(0x0000000023ba0000,0x0000000023ca0000)]
  0x000000001ecc8000 JavaThread "Handler for socket connection from /127.0.0.1:50601 to /127.0.0.1:50612" [_thread_in_native, idPostagem=1164, stack(0x0000000023aa0000,0x0000000023ba0000)]
  0x000000001ecc5800 JavaThread "Memory manager" [_thread_blocked, idPostagem=6996, stack(0x0000000022aa0000,0x0000000022ba0000)]
  0x000000001ecc2800 JavaThread "Cache worker for execution history cache (C:\Users\renan\.gradle\caches\5.1.1\executionHistory)" [_thread_blocked, idPostagem=7180, stack(0x0000000020ca0000,0x0000000020da0000)]
  0x0000000019499000 JavaThread "Cache worker for journal cache (C:\Users\renan\.gradle\caches\journal-1)" [_thread_blocked, idPostagem=6308, stack(0x000000001ab50000,0x000000001ac50000)]
  0x0000000019498800 JavaThread "File lock request listener" [_thread_in_native, idPostagem=3816, stack(0x000000001aa50000,0x000000001ab50000)]
  0x0000000019315000 JavaThread "Cache worker for file hash cache (C:\Users\renan\.gradle\caches\5.1.1\fileHashes)" [_thread_blocked, idPostagem=3092, stack(0x000000001a950000,0x000000001aa50000)]
  0x0000000019218000 JavaThread "Daemon worker" [_thread_blocked, idPostagem=11424, stack(0x000000001a550000,0x000000001a650000)]
  0x000000001921f000 JavaThread "Daemon" [_thread_blocked, idPostagem=6716, stack(0x000000001a050000,0x000000001a150000)]
  0x0000000018e0b000 JavaThread "Daemon periodic checks" [_thread_blocked, idPostagem=12568, stack(0x0000000019f50000,0x000000001a050000)]
  0x0000000019139800 JavaThread "Incoming local TCP Connector on port 50601" [_thread_in_native, idPostagem=11856, stack(0x0000000019cf0000,0x0000000019df0000)]
  0x00000000160cc800 JavaThread "Service Thread" daemon [_thread_blocked, idPostagem=6616, stack(0x0000000017de0000,0x0000000017ee0000)]
  0x0000000016079000 JavaThread "C1 CompilerThread2" daemon [_thread_blocked, idPostagem=10032, stack(0x00000000178e0000,0x00000000179e0000)]
=>0x000000001606c000 JavaThread "C2 CompilerThread1" daemon [_thread_in_native, idPostagem=9960, stack(0x00000000177e0000,0x00000000178e0000)]
  0x0000000016068000 JavaThread "C2 CompilerThread0" daemon [_thread_in_native, idPostagem=8272, stack(0x00000000176e0000,0x00000000177e0000)]
  0x0000000016075800 JavaThread "Attach Listener" daemon [_thread_blocked, idPostagem=10816, stack(0x00000000175e0000,0x00000000176e0000)]
  0x0000000016074800 JavaThread "Signal Dispatcher" daemon [_thread_blocked, idPostagem=9668, stack(0x00000000174e0000,0x00000000175e0000)]
  0x00000000026fb000 JavaThread "Finalizer" daemon [_thread_blocked, idPostagem=3168, stack(0x00000000172d0000,0x00000000173d0000)]
  0x00000000026f0800 JavaThread "Reference Handler" daemon [_thread_blocked, idPostagem=3248, stack(0x00000000171d0000,0x00000000172d0000)]
  0x0000000000d0e000 JavaThread "main" [_thread_blocked, idPostagem=8916, stack(0x00000000024d0000,0x00000000025d0000)]

Other Threads:
  0x0000000016036800 VMThread [stack: 0x00000000170d0000,0x00000000171d0000] [idPostagem=4556]
  0x00000000160cd800 WatcherThread [stack: 0x0000000017ee0000,0x0000000017fe0000] [idPostagem=4996]

VM state:not at safepoint (normal execution)

VM Mutex/Monitor currently owned by a thread: None

Heap:
 PSYoungGen      total 155136K, used 108604K [0x00000000e0000000, 0x00000000ea500000, 0x0000000100000000)
  eden space 141312K, 68% used [0x00000000e0000000,0x00000000e5e02ce0,0x00000000e8a00000)
  from space 13824K, 89% used [0x00000000e8a00000,0x00000000e960c458,0x00000000e9780000)
  to   space 11776K, 0% used [0x00000000e9800000,0x00000000e9800000,0x00000000ea380000)
 ParOldGen       total 84992K, used 30656K [0x00000000a0000000, 0x00000000a5300000, 0x00000000e0000000)
  object space 84992K, 36% used [0x00000000a0000000,0x00000000a1df02e0,0x00000000a5300000)
 Metaspace       used 68408K, capacity 70460K, committed 70744K, reserved 1110016K
  class space    used 8965K, capacity 9482K, committed 9600K, reserved 1048576K

Card table byte_map: [0x0000000011ac0000,0x0000000011dd0000] byte_map_base: 0x00000000115c0000

Marking Bits: (ParMarkBitMap*) 0x0000000064925aa0
 Begin Bits: [0x00000000123d0000, 0x0000000013bd0000)
 End Bits:   [0x0000000013bd0000, 0x00000000153d0000)

Polling page: 0x0000000000cc0000

CodeCache: size=245760Kb used=23751Kb max_used=23751Kb free=222008Kb
 bounds [0x0000000002700000, 0x0000000003e50000, 0x0000000011700000]
 total_blobs=8347 nmethods=7520 adapters=739
 compilation: enabled

Compilation events (10 events):
Event: 56.717 Thread 0x0000000016079000 8547       3       sun.security.ssl.HandshakeInStream::read (25 bytes)
Event: 56.717 Thread 0x0000000016079000 nmethod 8547 0x0000000003e46650 code [0x0000000003e467e0, 0x0000000003e46af8]
Event: 56.717 Thread 0x0000000016079000 8548       3       sun.security.jca.GetInstance::getInstance (29 bytes)
Event: 56.718 Thread 0x0000000016079000 nmethod 8548 0x0000000003e46c50 code [0x0000000003e46de0, 0x0000000003e47298]
Event: 56.718 Thread 0x0000000016079000 8550       3       sun.security.provider.ByteArrayAccess::i2bBig (204 bytes)
Event: 56.719 Thread 0x0000000016079000 nmethod 8550 0x0000000003e47490 code [0x0000000003e47620, 0x0000000003e47aa8]
Event: 56.719 Thread 0x0000000016079000 8551       3       org.apache.http.conn.ssl.SubjectName::<init> (28 bytes)
Event: 56.720 Thread 0x0000000016079000 nmethod 8551 0x0000000003e47cd0 code [0x0000000003e47f40, 0x0000000003e48fb8]
Event: 56.720 Thread 0x0000000016079000 8549       3       sun.security.jca.GetInstance::checkSuperClass (68 bytes)
Event: 56.721 Thread 0x0000000016079000 nmethod 8549 0x0000000003e49990 code [0x0000000003e49be0, 0x0000000003e4ab28]

GC Heap History (10 events):
Event: 15.868 GC heap before
{Heap before GC invocations=12 (full 2):
 PSYoungGen      total 118272K, used 107008K [0x00000000e0000000, 0x00000000ea380000, 0x0000000100000000)
  eden space 107008K, 100% used [0x00000000e0000000,0x00000000e6880000,0x00000000e6880000)
  from space 11264K, 0% used [0x00000000e6880000,0x00000000e6880000,0x00000000e7380000)
  to   space 11776K, 0% used [0x00000000e9800000,0x00000000e9800000,0x00000000ea380000)
 ParOldGen       total 84992K, used 16787K [0x00000000a0000000, 0x00000000a5300000, 0x00000000e0000000)
  object space 84992K, 19% used [0x00000000a0000000,0x00000000a1064e60,0x00000000a5300000)
 Metaspace       used 44060K, capacity 44960K, committed 45400K, reserved 1089536K
  class space    used 5926K, capacity 6189K, committed 6272K, reserved 1048576K
Event: 15.916 GC heap after
Heap after GC invocations=12 (full 2):
 PSYoungGen      total 153088K, used 11746K [0x00000000e0000000, 0x00000000ea500000, 0x0000000100000000)
  eden space 141312K, 0% used [0x00000000e0000000,0x00000000e0000000,0x00000000e8a00000)
  from space 11776K, 99% used [0x00000000e9800000,0x00000000ea378910,0x00000000ea380000)
  to   space 13824K, 0% used [0x00000000e8a00000,0x00000000e8a00000,0x00000000e9780000)
 ParOldGen       total 84992K, used 18867K [0x00000000a0000000, 0x00000000a5300000, 0x00000000e0000000)
  object space 84992K, 22% used [0x00000000a0000000,0x00000000a126cf50,0x00000000a5300000)
 Metaspace       used 44060K, capacity 44960K, committed 45400K, reserved 1089536K
  class space    used 5926K, capacity 6189K, committed 6272K, reserved 1048576K
}
Event: 21.025 GC heap before
{Heap before GC invocations=13 (full 2):
 PSYoungGen      total 153088K, used 153058K [0x00000000e0000000, 0x00000000ea500000, 0x0000000100000000)
  eden space 141312K, 100% used [0x00000000e0000000,0x00000000e8a00000,0x00000000e8a00000)
  from space 11776K, 99% used [0x00000000e9800000,0x00000000ea378910,0x00000000ea380000)
  to   space 13824K, 0% used [0x00000000e8a00000,0x00000000e8a00000,0x00000000e9780000)
 ParOldGen       total 84992K, used 18867K [0x00000000a0000000, 0x00000000a5300000, 0x00000000e0000000)
  object space 84992K, 22% used [0x00000000a0000000,0x00000000a126cf50,0x00000000a5300000)
 Metaspace       used 56456K, capacity 57850K, committed 58200K, reserved 1099776K
  class space    used 7601K, capacity 7986K, committed 8064K, reserved 1048576K
Event: 21.062 GC heap after
Heap after GC invocations=13 (full 2):
 PSYoungGen      total 155136K, used 13817K [0x00000000e0000000, 0x00000000ea500000, 0x0000000100000000)
  eden space 141312K, 0% used [0x00000000e0000000,0x00000000e0000000,0x00000000e8a00000)
  from space 13824K, 99% used [0x00000000e8a00000,0x00000000e977e618,0x00000000e9780000)
  to   space 11776K, 0% used [0x00000000e9800000,0x00000000e9800000,0x00000000ea380000)
 ParOldGen       total 84992K, used 26971K [0x00000000a0000000, 0x00000000a5300000, 0x00000000e0000000)
  object space 84992K, 31% used [0x00000000a0000000,0x00000000a1a56c40,0x00000000a5300000)
 Metaspace       used 56456K, capacity 57850K, committed 58200K, reserved 1099776K
  class space    used 7601K, capacity 7986K, committed 8064K, reserved 1048576K
}
Event: 21.779 GC heap before
{Heap before GC invocations=14 (full 2):
 PSYoungGen      total 155136K, used 44598K [0x00000000e0000000, 0x00000000ea500000, 0x0000000100000000)
  eden space 141312K, 21% used [0x00000000e0000000,0x00000000e1e0f518,0x00000000e8a00000)
  from space 13824K, 99% used [0x00000000e8a00000,0x00000000e977e618,0x00000000e9780000)
  to   space 11776K, 0% used [0x00000000e9800000,0x00000000e9800000,0x00000000ea380000)
 ParOldGen       total 84992K, used 26971K [0x00000000a0000000, 0x00000000a5300000, 0x00000000e0000000)
  object space 84992K, 31% used [0x00000000a0000000,0x00000000a1a56c40,0x00000000a5300000)
 Metaspace       used 57507K, capacity 58974K, committed 59028K, reserved 1099776K
  class space    used 7772K, capacity 8173K, committed 8192K, reserved 1048576K
Event: 21.798 GC heap after
Heap after GC invocations=14 (full 2):
 PSYoungGen      total 153088K, used 3600K [0x00000000e0000000, 0x00000000ea500000, 0x0000000100000000)
  eden space 141312K, 0% used [0x00000000e0000000,0x00000000e0000000,0x00000000e8a00000)
  from space 11776K, 30% used [0x00000000e9800000,0x00000000e9b84010,0x00000000ea380000)
  to   space 13824K, 0% used [0x00000000e8a00000,0x00000000e8a00000,0x00000000e9780000)
 ParOldGen       total 84992K, used 32591K [0x00000000a0000000, 0x00000000a5300000, 0x00000000e0000000)
  object space 84992K, 38% used [0x00000000a0000000,0x00000000a1fd3de8,0x00000000a5300000)
 Metaspace       used 57507K, capacity 58974K, committed 59028K, reserved 1099776K
  class space    used 7772K, capacity 8173K, committed 8192K, reserved 1048576K
}
Event: 21.798 GC heap before
{Heap before GC invocations=15 (full 3):
 PSYoungGen      total 153088K, used 3600K [0x00000000e0000000, 0x00000000ea500000, 0x0000000100000000)
  eden space 141312K, 0% used [0x00000000e0000000,0x00000000e0000000,0x00000000e8a00000)
  from space 11776K, 30% used [0x00000000e9800000,0x00000000e9b84010,0x00000000ea380000)
  to   space 13824K, 0% used [0x00000000e8a00000,0x00000000e8a00000,0x00000000e9780000)
 ParOldGen       total 84992K, used 32591K [0x00000000a0000000, 0x00000000a5300000, 0x00000000e0000000)
  object space 84992K, 38% used [0x00000000a0000000,0x00000000a1fd3de8,0x00000000a5300000)
 Metaspace       used 57507K, capacity 58974K, committed 59028K, reserved 1099776K
  class space    used 7772K, capacity 8173K, committed 8192K, reserved 1048576K
Event: 22.179 GC heap after
Heap after GC invocations=15 (full 3):
 PSYoungGen      total 153088K, used 0K [0x00000000e0000000, 0x00000000ea500000, 0x0000000100000000)
  eden space 141312K, 0% used [0x00000000e0000000,0x00000000e0000000,0x00000000e8a00000)
  from space 11776K, 0% used [0x00000000e9800000,0x00000000e9800000,0x00000000ea380000)
  to   space 13824K, 0% used [0x00000000e8a00000,0x00000000e8a00000,0x00000000e9780000)
 ParOldGen       total 84992K, used 30648K [0x00000000a0000000, 0x00000000a5300000, 0x00000000e0000000)
  object space 84992K, 36% used [0x00000000a0000000,0x00000000a1dee2e0,0x00000000a5300000)
 Metaspace       used 57507K, capacity 58974K, committed 59028K, reserved 1099776K
  class space    used 7772K, capacity 8173K, committed 8192K, reserved 1048576K
}
Event: 36.604 GC heap before
{Heap before GC invocations=16 (full 3):
 PSYoungGen      total 153088K, used 141312K [0x00000000e0000000, 0x00000000ea500000, 0x0000000100000000)
  eden space 141312K, 100% used [0x00000000e0000000,0x00000000e8a00000,0x00000000e8a00000)
  from space 11776K, 0% used [0x00000000e9800000,0x00000000e9800000,0x00000000ea380000)
  to   space 13824K, 0% used [0x00000000e8a00000,0x00000000e8a00000,0x00000000e9780000)
 ParOldGen       total 84992K, used 30648K [0x00000000a0000000, 0x00000000a5300000, 0x00000000e0000000)
  object space 84992K, 36% used [0x00000000a0000000,0x00000000a1dee2e0,0x00000000a5300000)
 Metaspace       used 63430K, capacity 65208K, committed 65368K, reserved 1105920K
  class space    used 8525K, capacity 8964K, committed 9088K, reserved 1048576K
Event: 36.623 GC heap after
Heap after GC invocations=16 (full 3):
 PSYoungGen      total 155136K, used 12337K [0x00000000e0000000, 0x00000000ea500000, 0x0000000100000000)
  eden space 141312K, 0% used [0x00000000e0000000,0x00000000e0000000,0x00000000e8a00000)
  from space 13824K, 89% used [0x00000000e8a00000,0x00000000e960c458,0x00000000e9780000)
  to   space 11776K, 0% used [0x00000000e9800000,0x00000000e9800000,0x00000000ea380000)
 ParOldGen       total 84992K, used 30656K [0x00000000a0000000, 0x00000000a5300000, 0x00000000e0000000)
  object space 84992K, 36% used [0x00000000a0000000,0x00000000a1df02e0,0x00000000a5300000)
 Metaspace       used 63430K, capacity 65208K, committed 65368K, reserved 1105920K
  class space    used 8525K, capacity 8964K, committed 9088K, reserved 1048576K
}

Deoptimization events (10 events):
Event: 54.645 Thread 0x0000000019218000 Uncommon trap: reason=unstable_if action=reinterpret pc=0x00000000036b357c method=java.net.URLClassLoader.getAndVerifyPackage(Ljava/lang/String;Ljava/util/jar/Manifest;Ljava/net/URL;)Ljava/lang/Package; @ 62
Event: 54.966 Thread 0x0000000019218000 Uncommon trap: reason=bimorphic action=maybe_recompile pc=0x0000000003863da4 method=java.io.DataInputStream.readChar()C @ 4
Event: 55.078 Thread 0x0000000019218000 Uncommon trap: reason=unstable_if action=reinterpret pc=0x0000000002feb564 method=java.util.HashMap.putVal(ILjava/lang/Object;Ljava/lang/Object;ZZ)Ljava/lang/Object; @ 85
Event: 55.085 Thread 0x0000000019218000 Uncommon trap: reason=unstable_if action=reinterpret pc=0x0000000003b265d8 method=java.util.HashMap.putVal(ILjava/lang/Object;Ljava/lang/Object;ZZ)Ljava/lang/Object; @ 85
Event: 55.096 Thread 0x0000000019218000 Uncommon trap: reason=bimorphic action=maybe_recompile pc=0x0000000002b8a91c method=com.google.common.cache.LocalCache$Segment.getEntry(Ljava/lang/Object;I)Lcom/google/common/cache/ReferenceEntry; @ 11
Event: 55.097 Thread 0x0000000019218000 Uncommon trap: reason=bimorphic action=maybe_recompile pc=0x0000000002b8a91c method=com.google.common.cache.LocalCache$Segment.getEntry(Ljava/lang/Object;I)Lcom/google/common/cache/ReferenceEntry; @ 11
Event: 55.099 Thread 0x0000000019218000 Uncommon trap: reason=bimorphic action=maybe_recompile pc=0x0000000002b8a91c method=com.google.common.cache.LocalCache$Segment.getEntry(Ljava/lang/Object;I)Lcom/google/common/cache/ReferenceEntry; @ 11
Event: 55.352 Thread 0x0000000019218000 Uncommon trap: reason=unstable_if action=reinterpret pc=0x0000000003ba4394 method=org.gradle.internal.hash.HashCode.equals(Ljava/lang/Object;)Z @ 66
Event: 55.372 Thread 0x0000000019218000 Uncommon trap: reason=bimorphic action=maybe_recompile pc=0x0000000002b8a91c method=com.google.common.cache.LocalCache$Segment.getEntry(Ljava/lang/Object;I)Lcom/google/common/cache/ReferenceEntry; @ 11
Event: 55.373 Thread 0x0000000019218000 Uncommon trap: reason=bimorphic action=maybe_recompile pc=0x000000000314ba78 method=com.google.common.cache.LocalCache$Segment.getEntry(Ljava/lang/Object;I)Lcom/google/common/cache/ReferenceEntry; @ 11

Classes redefined (0 events):
No events

Internal exceptions (10 events):
Event: 55.471 Thread 0x0000000019218000 Exception <a 'sun/nio/fs/WindowsException'> (0x00000000e2c067b8) thrown at [D:\src\AOSP-openjdk-cygwin\jdk8u\hotspot\src\share\vm\prims\jni.cpp, line 709]
Event: 55.471 Thread 0x0000000019218000 Exception <a 'sun/nio/fs/WindowsException'> (0x00000000e2c075c0) thrown at [D:\src\AOSP-openjdk-cygwin\jdk8u\hotspot\src\share\vm\prims\jni.cpp, line 709]
Event: 55.472 Thread 0x0000000019218000 Exception <a 'sun/nio/fs/WindowsException'> (0x00000000e2c0a918) thrown at [D:\src\AOSP-openjdk-cygwin\jdk8u\hotspot\src\share\vm\prims\jni.cpp, line 709]
Event: 55.472 Thread 0x0000000019218000 Exception <a 'sun/nio/fs/WindowsException'> (0x00000000e2c0b758) thrown at [D:\src\AOSP-openjdk-cygwin\jdk8u\hotspot\src\share\vm\prims\jni.cpp, line 709]
Event: 55.472 Thread 0x0000000019218000 Exception <a 'sun/nio/fs/WindowsException'> (0x00000000e2c0d9a0) thrown at [D:\src\AOSP-openjdk-cygwin\jdk8u\hotspot\src\share\vm\prims\jni.cpp, line 709]
Event: 55.472 Thread 0x0000000019218000 Exception <a 'sun/nio/fs/WindowsException'> (0x00000000e2c0ea08) thrown at [D:\src\AOSP-openjdk-cygwin\jdk8u\hotspot\src\share\vm\prims\jni.cpp, line 709]
Event: 55.901 Thread 0x0000000019218000 Exception <a 'java/lang/NoSuchMethodError': java.lang.Object.lambda$static$0(Ljava/util/Set;Ljava/util/Set;)Z> (0x00000000e4617770) thrown at [D:\src\AOSP-openjdk-cygwin\jdk8u\hotspot\src\share\vm\interpreter\linkResolver.cpp, line 584]
Event: 55.901 Thread 0x0000000019218000 Exception <a 'java/lang/NoSuchMethodError': java.lang.Object.lambda$static$1(Ljava/util/Set;Ljava/util/Set;)Z> (0x00000000e461a4f8) thrown at [D:\src\AOSP-openjdk-cygwin\jdk8u\hotspot\src\share\vm\interpreter\linkResolver.cpp, line 584]
Event: 55.902 Thread 0x0000000019218000 Exception <a 'java/lang/NoSuchMethodError': java.lang.Object.lambda$static$2(Ljava/util/Set;Ljava/util/Set;)Z> (0x00000000e461ce50) thrown at [D:\src\AOSP-openjdk-cygwin\jdk8u\hotspot\src\share\vm\interpreter\linkResolver.cpp, line 584]
Event: 55.902 Thread 0x0000000019218000 Exception <a 'java/lang/NoSuchMethodError': java.lang.Object.lambda$static$3(Ljava/util/Set;Ljava/util/Set;)Z> (0x00000000e461f7a8) thrown at [D:\src\AOSP-openjdk-cygwin\jdk8u\hotspot\src\share\vm\interpreter\linkResolver.cpp, line 584]

Events (10 events):
Event: 56.670 Executing VM operation: RevokeBias
Event: 56.670 Executing VM operation: RevokeBias done
Event: 56.670 Executing VM operation: RevokeBias
Event: 56.670 Executing VM operation: RevokeBias done
Event: 56.716 Executing VM operation: RevokeBias
Event: 56.717 Executing VM operation: RevokeBias done
Event: 56.717 Executing VM operation: RevokeBias
Event: 56.717 Executing VM operation: RevokeBias done
Event: 56.718 Executing VM operation: RevokeBias
Event: 56.719 Executing VM operation: RevokeBias done


Dynamic libraries:
0x00007ff76d6a0000 - 0x00007ff76d6d1000 	C:\Program Files\Android\Android Studio\jre\bin\java.exe
0x00007ffca0ee0000 - 0x00007ffca10cd000 	C:\WINDOWS\SYSTEM32\ntdll.dll
0x00007ffca0480000 - 0x00007ffca0533000 	C:\WINDOWS\System32\KERNEL32.DLL
0x00007ffc9dbe0000 - 0x00007ffc9de73000 	C:\WINDOWS\System32\KERNELBASE.dll
0x00007ffca0630000 - 0x00007ffca06d3000 	C:\WINDOWS\System32\ADVAPI32.dll
0x00007ffc9ecf0000 - 0x00007ffc9ed8e000 	C:\WINDOWS\System32\msvcrt.dll
0x00007ffc9e110000 - 0x00007ffc9e1ae000 	C:\WINDOWS\System32\sechost.dll
0x00007ffc9ee00000 - 0x00007ffc9ef22000 	C:\WINDOWS\System32\RPCRT4.dll
0x00007ffca0d10000 - 0x00007ffca0ea7000 	C:\WINDOWS\System32\USER32.dll
0x00007ffc9e040000 - 0x00007ffc9e060000 	C:\WINDOWS\System32\win32u.dll
0x00007ffc9ea90000 - 0x00007ffc9eab9000 	C:\WINDOWS\System32\GDI32.dll
0x00007ffc9dea0000 - 0x00007ffc9e039000 	C:\WINDOWS\System32\gdi32full.dll
0x00007ffc9d000000 - 0x00007ffc9d0a0000 	C:\WINDOWS\System32\msvcp_win.dll
0x00007ffc9d310000 - 0x00007ffc9d40a000 	C:\WINDOWS\System32\ucrtbase.dll
0x00007ffc853b0000 - 0x00007ffc85629000 	C:\WINDOWS\WinSxS\amd64_microsoft.windows.common-controls_6595b64144ccf1df_6.0.17763.678_none_05b74150071d72bf\COMCTL32.dll
0x00007ffc9e360000 - 0x00007ffc9e68c000 	C:\WINDOWS\System32\combase.dll
0x00007ffc9d410000 - 0x00007ffc9d48e000 	C:\WINDOWS\System32\bcryptPrimitives.dll
0x00007ffc9ecb0000 - 0x00007ffc9ecde000 	C:\WINDOWS\System32\IMM32.DLL
0x0000000064f40000 - 0x0000000065012000 	C:\Program Files\Android\Android Studio\jre\jre\bin\msvcr100.dll
0x0000000064160000 - 0x00000000649a1000 	C:\Program Files\Android\Android Studio\jre\jre\bin\server\jvm.dll
0x00007ffca05c0000 - 0x00007ffca05c8000 	C:\WINDOWS\System32\PSAPI.DLL
0x00007ffc92d80000 - 0x00007ffc92d89000 	C:\WINDOWS\SYSTEM32\WSOCK32.dll
0x00007ffc9a8e0000 - 0x00007ffc9a904000 	C:\WINDOWS\SYSTEM32\WINMM.dll
0x00007ffc9ed90000 - 0x00007ffc9edfd000 	C:\WINDOWS\System32\WS2_32.dll
0x00007ffc91670000 - 0x00007ffc9167a000 	C:\WINDOWS\SYSTEM32\VERSION.dll
0x00007ffc9a2f0000 - 0x00007ffc9a31d000 	C:\WINDOWS\SYSTEM32\winmmbase.dll
0x00007ffc9cfb0000 - 0x00007ffc9cffa000 	C:\WINDOWS\System32\cfgmgr32.dll
0x00007ffc99800000 - 0x00007ffc9980f000 	C:\Program Files\Android\Android Studio\jre\jre\bin\verify.dll
0x00007ffc8ad60000 - 0x00007ffc8ad89000 	C:\Program Files\Android\Android Studio\jre\jre\bin\java.dll
0x00007ffc8ccc0000 - 0x00007ffc8ccd6000 	C:\Program Files\Android\Android Studio\jre\jre\bin\zip.dll
0x00007ffc9ef90000 - 0x00007ffca0480000 	C:\WINDOWS\System32\SHELL32.dll
0x00007ffca0c60000 - 0x00007ffca0d08000 	C:\WINDOWS\System32\shcore.dll
0x00007ffc9d490000 - 0x00007ffc9dbda000 	C:\WINDOWS\System32\windows.storage.dll
0x00007ffc9cf20000 - 0x00007ffc9cf44000 	C:\WINDOWS\System32\profapi.dll
0x00007ffc9cf50000 - 0x00007ffc9cfad000 	C:\WINDOWS\System32\powrprof.dll
0x00007ffc9ef30000 - 0x00007ffc9ef82000 	C:\WINDOWS\System32\shlwapi.dll
0x00007ffc9cee0000 - 0x00007ffc9cef1000 	C:\WINDOWS\System32\kernel.appcore.dll
0x00007ffc9de80000 - 0x00007ffc9de97000 	C:\WINDOWS\System32\cryptsp.dll
0x00007ffc88ac0000 - 0x00007ffc88ada000 	C:\Program Files\Android\Android Studio\jre\jre\bin\net.dll
0x00007ffc9c750000 - 0x00007ffc9c7b7000 	C:\WINDOWS\system32\mswsock.dll
0x00007ffc88770000 - 0x00007ffc88781000 	C:\Program Files\Android\Android Studio\jre\jre\bin\nio.dll
0x00007ffc82700000 - 0x00007ffc8271e000 	C:\Users\renan\.gradle\native\25\windows-amd64\native-platform.dll
0x00007ffc997f0000 - 0x00007ffc997fd000 	C:\Program Files\Android\Android Studio\jre\jre\bin\management.dll
0x00007ffc9c2d0000 - 0x00007ffc9c303000 	C:\WINDOWS\system32\rsaenh.dll
0x00007ffc9d0a0000 - 0x00007ffc9d0c6000 	C:\WINDOWS\System32\bcrypt.dll
0x00007ffc9cde0000 - 0x00007ffc9ce08000 	C:\WINDOWS\SYSTEM32\USERENV.dll
0x00007ffc9c920000 - 0x00007ffc9c92c000 	C:\WINDOWS\SYSTEM32\CRYPTBASE.dll
0x00007ffc9c470000 - 0x00007ffc9c4ad000 	C:\WINDOWS\SYSTEM32\IPHLPAPI.DLL
0x00007ffc9ece0000 - 0x00007ffc9ece8000 	C:\WINDOWS\System32\NSI.dll
0x00007ffc91de0000 - 0x00007ffc91df6000 	C:\WINDOWS\SYSTEM32\dhcpcsvc6.DLL
0x00007ffc91f20000 - 0x00007ffc91f3c000 	C:\WINDOWS\SYSTEM32\dhcpcsvc.DLL
0x00007ffc9c4b0000 - 0x00007ffc9c576000 	C:\WINDOWS\SYSTEM32\DNSAPI.dll
0x00007ffc84020000 - 0x00007ffc84044000 	C:\Program Files\Android\Android Studio\jre\jre\bin\sunec.dll
0x00007ffc8e020000 - 0x00007ffc8e02a000 	C:\Windows\System32\rasadhlp.dll
0x00007ffc8c880000 - 0x00007ffc8c8f9000 	C:\WINDOWS\System32\fwpuclnt.dll
0x00007ffc8ff40000 - 0x00007ffc8ff4b000 	C:\Program Files\Android\Android Studio\jre\jre\bin\sunmscapi.dll
0x00007ffc9d130000 - 0x00007ffc9d30b000 	C:\WINDOWS\System32\CRYPT32.dll
0x00007ffc9cf00000 - 0x00007ffc9cf12000 	C:\WINDOWS\System32\MSASN1.dll

VM Arguments:
jvm_args: -Xmx1536m -Dfile.encoding=windows-1252 -Duser.country=BR -Duser.language=pt -Duser.variant 
java_command: org.gradle.launcher.daemon.bootstrap.GradleDaemon 5.1.1
java_class_path (initial): C:\Users\renan\.gradle\wrapper\dists\gradle-5.1.1-all\97z1ksx6lirer3kbvdnh7jtjg\gradle-5.1.1\lib\gradle-launcher-5.1.1.jar
Launcher Type: SUN_STANDARD

Environment Variables:
PATH=C:\ProgramData\Oracle\Java\javapath;C:\Program Files (x86)\Common Files\Oracle\Java\javapath;C:\Windows\system32;C:\Windows;C:\Windows\System32\Wbem;C:\Windows\System32\WindowsPowerShell\v1.0\;C:\Windows\System32\OpenSSH\;C:\Program Files (x86)\NVIDIA Corporation\PhysX\Common;C:\Program Files\NVIDIA Corporation\NVIDIA NvDLISR;C:\Program Files\Git\cmd;C:\WINDOWS\system32;C:\WINDOWS;C:\WINDOWS\System32\Wbem;C:\WINDOWS\System32\WindowsPowerShell\v1.0\;C:\WINDOWS\System32\OpenSSH\;C:\Program Files\MySQL\MySQL Shell 8.0\bin\
USERNAME=renan
OS=Windows_NT
PROCESSOR_IDENTIFIER=Intel64 Family 6 Model 61 Stepping 4, GenuineIntel



---------------  S Y S T E M  ---------------

OS: Windows 10.0 , 64 bit Build 17763 (10.0.17763.475)

CPU:total 4 (initial active 4) (2 cores per cpu, 2 threads per core) family 6 model 61 stepping 4, cmov, cx8, fxsr, mmx, sse, sse2, sse3, ssse3, sse4.1, sse4.2, popcnt, avx, avx2, aes, clmul, erms, 3dnowpref, lzcnt, ht, tsc, tscinvbit, bmi1, bmi2, adx

Memory: 4k page, physical 8306220k(1038680k free), swap 8306220k(5952k free)

vm_info: OpenJDK 64-Bit Server VM (25.152-b01) for windows-amd64 JRE (1.8.0_152-release-1343-b01), built by "builder" with MS VC++ 10.0 (VS2010)

time: Sun Sep 08 22:56:18 2019
elapsed time: 56 seconds (0d 0h 0m 56s)

